time,package,object,details
05:37:38.861646,__main__,	,Init..
05:37:39.154829,__main__,	,Init..
05:37:50.483708,__main__,	,Load hosts..
05:37:50.484297,__main__,	,Found 2 host files.
05:37:50.533093,__main__,	,Load sites..
05:37:50.533506,__main__,	,Found 1 site files.
06:12:10.250829,__main__,	,Load hosts..
06:12:10.251927,__main__,	,Found 2 host files.
06:12:10.274167,__main__,	,Load sites..
06:12:10.274564,__main__,	,Found 1 site files.
06:12:46.455475,__main__,	,Load hosts..
06:12:46.455947,__main__,	,Found 2 host files.
06:12:46.480241,__main__,	,Load sites..
06:12:46.480661,__main__,	,Found 1 site files.
06:13:07.353325,__main__,	,Load hosts..
06:13:07.353853,__main__,	,Found 2 host files.
06:13:07.377356,__main__,	,Load sites..
06:13:07.378169,__main__,	,Found 1 site files.
06:15:31.300253,__main__,	,Load hosts..
06:15:31.300826,__main__,	,Found 2 host files.
06:15:31.324868,__main__,	,Load sites..
06:15:31.325373,__main__,	,Found 1 site files.
06:16:06.044623,__main__,	,Load hosts..
06:16:06.045237,__main__,	,Found 2 host files.
06:16:06.068446,__main__,	,Load sites..
06:16:06.068779,__main__,	,Found 1 site files.
06:16:45.373598,__main__,	,Load hosts..
06:16:45.374277,__main__,	,Found 2 host files.
06:16:45.399374,__main__,	,Load sites..
06:16:45.399862,__main__,	,Found 1 site files.
06:17:20.110115,__main__,	,Load hosts..
06:17:20.110445,__main__,	,Found 2 host files.
06:17:20.133726,__main__,	,Load sites..
06:17:20.134439,__main__,	,Found 1 site files.
06:18:27.111179,__main__,	,Load hosts..
06:18:27.111964,__main__,	,Found 2 host files.
06:18:27.135015,__main__,	,Load sites..
06:18:27.135416,__main__,	,Found 1 site files.
06:19:04.866278,__main__,	,Load hosts..
06:19:04.866737,__main__,	,Found 2 host files.
06:19:04.892300,__main__,	,Load sites..
06:19:04.892666,__main__,	,Found 1 site files.
06:20:57.486606,__main__,	,Load hosts..
06:20:57.487140,__main__,	,Found 2 host files.
06:20:57.512263,__main__,	,Load sites..
06:20:57.512544,__main__,	,Found 1 site files.
06:21:39.017179,__main__,	,Load hosts..
06:21:39.018052,__main__,	,Found 2 host files.
06:21:39.041394,__main__,	,Load sites..
06:21:39.041992,__main__,	,Found 1 site files.
06:22:48.427061,__main__,	,Load hosts..
06:22:48.427495,__main__,	,Found 2 host files.
06:22:48.448683,__main__,	,Load sites..
06:22:48.449534,__main__,	,Found 1 site files.
06:23:34.354481,__main__,	,Load hosts..
06:23:34.354963,__main__,	,Found 2 host files.
06:23:34.382030,__main__,	,Load sites..
06:23:34.382609,__main__,	,Found 1 site files.
06:25:07.437393,__main__,	,Load hosts..
06:25:07.437928,__main__,	,Found 2 host files.
06:25:07.460091,__main__,	,Load sites..
06:25:07.460666,__main__,	,Found 1 site files.
06:25:27.137837,__main__,	,Load hosts..
06:25:27.138416,__main__,	,Found 2 host files.
06:25:27.163174,__main__,	,Load sites..
06:25:27.163622,__main__,	,Found 1 site files.
06:28:08.965417,__main__,	,Load hosts..
06:28:08.965874,__main__,	,Found 2 host files.
06:28:09.004983,__main__,	,Load sites..
06:28:09.005443,__main__,	,Found 1 site files.
06:28:42.907993,__main__,	,Load hosts..
06:28:42.908514,__main__,	,Found 2 host files.
06:28:42.928384,__main__,	,Load sites..
06:28:42.928979,__main__,	,Found 1 site files.
06:29:35.591326,__main__,	,Load hosts..
06:29:35.592143,__main__,	,Found 2 host files.
06:29:35.614227,__main__,	,Load sites..
06:29:35.614623,__main__,	,Found 1 site files.
06:30:04.156517,__main__,	,Load hosts..
06:30:04.157002,__main__,	,Found 2 host files.
06:30:04.178713,__main__,	,Load sites..
06:30:04.179073,__main__,	,Found 1 site files.
06:36:54.548604,__main__,	,Load hosts..
06:36:54.549093,__main__,	,Found 2 host files.
06:36:54.571826,__main__,	,Load sites..
06:36:54.572571,__main__,	,Found 1 site files.
06:38:39.604322,__main__,	,Load hosts..
06:38:39.604902,__main__,	,Found 2 host files.
06:38:39.632590,__main__,	,Load sites..
06:38:39.633074,__main__,	,Found 1 site files.
06:39:07.048456,__main__,	,Load hosts..
06:39:07.049151,__main__,	,Found 2 host files.
06:39:07.072897,__main__,	,Load sites..
06:39:07.073187,__main__,	,Found 1 site files.
06:40:18.534742,__main__,	,Load hosts..
06:40:18.535225,__main__,	,Found 2 host files.
06:40:18.560692,__main__,	,Load sites..
06:40:18.561121,__main__,	,Found 1 site files.
06:41:02.957867,__main__,	,Load hosts..
06:41:02.958937,__main__,	,Found 2 host files.
06:41:02.988355,__main__,	,Load sites..
06:41:02.989001,__main__,	,Found 1 site files.
06:43:43.246283,__main__,	,Load hosts..
06:43:43.246806,__main__,	,Found 2 host files.
06:43:43.268462,__main__,	,Load sites..
06:43:43.268911,__main__,	,Found 1 site files.
06:44:15.927054,__main__,	,Load hosts..
06:44:15.927626,__main__,	,Found 2 host files.
06:44:15.950443,__main__,	,Load sites..
06:44:15.950728,__main__,	,Found 1 site files.
06:44:39.156483,__main__,	,Load hosts..
06:44:39.156963,__main__,	,Found 2 host files.
06:44:39.179044,__main__,	,Load sites..
06:44:39.179527,__main__,	,Found 1 site files.
06:45:22.264788,__main__,	,Load hosts..
06:45:22.265497,__main__,	,Found 2 host files.
06:45:22.284769,__main__,	,Load sites..
06:45:22.285384,__main__,	,Found 1 site files.
06:45:53.961233,__main__,	,Load hosts..
06:45:53.961608,__main__,	,Found 2 host files.
06:45:53.986036,__main__,	,Load sites..
06:45:53.986592,__main__,	,Found 1 site files.
06:50:41.452901,__main__,	,Load hosts..
06:50:41.453532,__main__,	,Found 2 host files.
06:50:41.476427,__main__,	,Load sites..
06:50:41.477199,__main__,	,Found 1 site files.
06:50:55.183928,__main__,	,Load hosts..
06:50:55.184574,__main__,	,Found 2 host files.
06:50:55.208577,__main__,	,Load sites..
06:50:55.208853,__main__,	,Found 1 site files.
06:51:20.688686,__main__,	,Load hosts..
06:51:20.689240,__main__,	,Found 2 host files.
06:51:20.713136,__main__,	,Load sites..
06:51:20.713731,__main__,	,Found 1 site files.
06:51:42.841210,__main__,	,Load hosts..
06:51:42.841597,__main__,	,Found 2 host files.
06:51:42.864610,__main__,	,Load sites..
06:51:42.865135,__main__,	,Found 1 site files.
06:52:28.956815,__main__,	,Load hosts..
06:52:28.957513,__main__,	,Found 2 host files.
06:52:28.978726,__main__,	,Load sites..
06:52:28.979129,__main__,	,Found 1 site files.
06:53:18.618667,__main__,	,Load hosts..
06:53:18.619364,__main__,	,Found 2 host files.
06:53:18.643663,__main__,	,Load sites..
06:53:18.644129,__main__,	,Found 1 site files.
06:53:33.600387,__main__,	,Load hosts..
06:53:33.600727,__main__,	,Found 2 host files.
06:53:33.680496,__main__,	,Load sites..
06:53:33.681068,__main__,	,Found 1 site files.
06:54:13.320863,__main__,	,Load hosts..
06:54:13.321395,__main__,	,Found 2 host files.
06:54:13.344026,__main__,	,Load sites..
06:54:13.344331,__main__,	,Found 1 site files.
06:55:24.787841,__main__,	,Load hosts..
06:55:24.788440,__main__,	,Found 2 host files.
06:55:24.803755,__main__,	,Load sites..
06:55:24.804155,__main__,	,Found 1 site files.
06:55:44.499475,__main__,	,Load hosts..
06:55:44.500237,__main__,	,Found 2 host files.
06:55:44.525648,__main__,	,Load sites..
06:55:44.525954,__main__,	,Found 1 site files.
06:56:08.967828,__main__,	,Load hosts..
06:56:08.968374,__main__,	,Found 2 host files.
06:56:08.989194,__main__,	,Load sites..
06:56:08.989730,__main__,	,Found 1 site files.
07:00:18.114497,__main__,	,Load hosts..
07:00:18.115040,__main__,	,Found 2 host files.
07:00:18.141360,__main__,	,Load sites..
07:00:18.141643,__main__,	,Found 1 site files.
07:00:52.426996,__main__,	,Load hosts..
07:00:52.427679,__main__,	,Found 2 host files.
07:00:52.450943,__main__,	,Load sites..
07:00:52.451405,__main__,	,Found 1 site files.
07:02:58.527311,__main__,	,Load hosts..
07:02:58.528141,__main__,	,Found 2 host files.
07:02:58.552594,__main__,	,Load sites..
07:02:58.553112,__main__,	,Found 1 site files.
07:03:37.120418,__main__,	,Load hosts..
07:03:37.120870,__main__,	,Found 2 host files.
07:03:37.141520,__main__,	,Load sites..
07:03:37.141987,__main__,	,Found 1 site files.
07:04:03.855637,__main__,	,Load hosts..
07:04:03.856109,__main__,	,Found 2 host files.
07:04:03.879328,__main__,	,Load sites..
07:04:03.879636,__main__,	,Found 1 site files.
07:05:24.378452,__main__,	,Load hosts..
07:05:24.379063,__main__,	,Found 2 host files.
07:05:24.403978,__main__,	,Load sites..
07:05:24.404514,__main__,	,Found 1 site files.
07:07:47.022922,__main__,	,Init..
07:07:47.216350,__main__,	,Init..
07:07:51.624002,__main__,	,Load hosts..
07:07:51.625331,__main__,	,Found 2 host files.
07:07:51.648226,__main__,	,Load sites..
07:07:51.648607,__main__,	,Found 1 site files.
07:08:08.537199,__main__,	,Load hosts..
07:08:08.537717,__main__,	,Found 2 host files.
07:08:08.560834,__main__,	,Load sites..
07:08:08.561358,__main__,	,Found 1 site files.
16:09:26.127739,__main__,	,Init..
16:09:26.291302,__main__,	,Init..
16:09:27.514434,__main__,	,Load hosts..
16:09:27.515301,__main__,	,Found 2 host files.
16:09:27.896051,__main__,	,Load sites..
16:09:27.896466,__main__,	,Found 1 site files.
