time,package,object,details
02:06:32.086372,__main__,	,Load hosts..
02:06:32.139703,__main__,	,Found 2 host files.
02:06:32.151580,__main__,	,Load sites..
02:06:32.152057,__main__,	,Found 1 site files.
02:16:45.530803,__main__,	,Load hosts..
02:16:45.545729,__main__,	,Found 2 host files.
02:16:45.557555,__main__,	,Load sites..
02:16:45.557868,__main__,	,Found 1 site files.
02:18:56.286983,__main__,	,Load hosts..
02:18:56.287602,__main__,	,Found 2 host files.
02:18:56.310938,__main__,	,Load sites..
02:18:56.311369,__main__,	,Found 1 site files.
02:19:01.754922,__main__,	,Load hosts..
02:19:01.755813,__main__,	,Found 2 host files.
02:19:01.781208,__main__,	,Load sites..
02:19:01.781705,__main__,	,Found 1 site files.
02:19:09.245546,__main__,	,Load hosts..
02:19:09.246029,__main__,	,Found 2 host files.
02:19:09.268553,__main__,	,Load sites..
02:19:09.268951,__main__,	,Found 1 site files.
02:20:01.918373,__main__,	,Load hosts..
02:20:01.918931,__main__,	,Found 2 host files.
02:20:01.943800,__main__,	,Load sites..
02:20:01.944108,__main__,	,Found 1 site files.
02:20:04.635455,__main__,	,Load hosts..
02:20:04.636040,__main__,	,Found 2 host files.
02:20:04.659769,__main__,	,Load sites..
02:20:04.660078,__main__,	,Found 1 site files.
02:20:20.513664,__main__,	,Load hosts..
02:20:20.514339,__main__,	,Found 2 host files.
02:20:20.538233,__main__,	,Load sites..
02:20:20.538638,__main__,	,Found 1 site files.
02:21:31.302895,__main__,	,Load hosts..
02:21:31.303569,__main__,	,Found 2 host files.
02:21:31.324520,__main__,	,Load sites..
02:21:31.324994,__main__,	,Found 1 site files.
02:21:33.685788,__main__,	,Load hosts..
02:21:33.686421,__main__,	,Found 2 host files.
02:21:33.718271,__main__,	,Load sites..
02:21:33.718836,__main__,	,Found 1 site files.
02:21:59.300678,__main__,	,Load hosts..
02:21:59.301163,__main__,	,Found 2 host files.
02:21:59.326316,__main__,	,Load sites..
02:21:59.326700,__main__,	,Found 1 site files.
02:22:24.573808,__main__,	,Load hosts..
02:22:24.574364,__main__,	,Found 2 host files.
02:22:24.597497,__main__,	,Load sites..
02:22:24.597877,__main__,	,Found 1 site files.
02:22:34.126035,__main__,	,Load hosts..
02:22:34.126556,__main__,	,Found 2 host files.
02:22:34.153847,__main__,	,Load sites..
02:22:34.154367,__main__,	,Found 1 site files.
02:25:40.468571,__main__,	,Load hosts..
02:25:40.469062,__main__,	,Found 2 host files.
02:25:40.505301,__main__,	,Load sites..
02:25:40.505654,__main__,	,Found 1 site files.
02:26:53.455442,__main__,	,Load hosts..
02:26:53.456155,__main__,	,Found 2 host files.
02:26:53.479233,__main__,	,Load sites..
02:26:53.479582,__main__,	,Found 1 site files.
02:27:48.392153,__main__,	,Load hosts..
02:27:48.392638,__main__,	,Found 2 host files.
02:27:48.422364,__main__,	,Load sites..
02:27:48.422768,__main__,	,Found 1 site files.
02:28:19.511191,__main__,	,Load hosts..
02:28:19.511632,__main__,	,Found 2 host files.
02:28:19.534554,__main__,	,Load sites..
02:28:19.534925,__main__,	,Found 1 site files.
02:28:35.190469,__main__,	,Load hosts..
02:28:35.191026,__main__,	,Found 2 host files.
02:28:35.208183,__main__,	,Load sites..
02:28:35.208513,__main__,	,Found 1 site files.
02:28:55.248778,__main__,	,Load hosts..
02:28:55.249471,__main__,	,Found 2 host files.
02:28:55.270201,__main__,	,Load sites..
02:28:55.270668,__main__,	,Found 1 site files.
02:29:16.301896,__main__,	,Load hosts..
02:29:16.302230,__main__,	,Found 2 host files.
02:29:16.326813,__main__,	,Load sites..
02:29:16.327286,__main__,	,Found 1 site files.
02:32:40.385276,__main__,	,Load hosts..
02:32:40.385813,__main__,	,Found 2 host files.
02:32:40.408528,__main__,	,Load sites..
02:32:40.409134,__main__,	,Found 1 site files.
02:38:52.378383,__main__,	,Load hosts..
02:38:52.379324,__main__,	,Found 2 host files.
02:38:52.402422,__main__,	,Load sites..
02:38:52.402708,__main__,	,Found 1 site files.
02:39:03.851096,__main__,	,Load hosts..
02:39:03.851678,__main__,	,Found 2 host files.
02:39:03.878543,__main__,	,Load sites..
02:39:03.878969,__main__,	,Found 1 site files.
02:39:19.171619,__main__,	,Load hosts..
02:39:19.172146,__main__,	,Found 2 host files.
02:39:19.194577,__main__,	,Load sites..
02:39:19.194957,__main__,	,Found 1 site files.
02:40:06.896805,__main__,	,Load hosts..
02:40:06.897868,__main__,	,Found 2 host files.
02:40:06.921208,__main__,	,Load sites..
02:40:06.921595,__main__,	,Found 1 site files.
02:40:19.010364,__main__,	,Load hosts..
02:40:19.010813,__main__,	,Found 2 host files.
02:40:19.032170,__main__,	,Load sites..
02:40:19.032638,__main__,	,Found 1 site files.
02:40:27.117526,__main__,	,Load hosts..
02:40:27.118183,__main__,	,Found 2 host files.
02:40:27.139187,__main__,	,Load sites..
02:40:27.139621,__main__,	,Found 1 site files.
02:40:47.238057,__main__,	,Load hosts..
02:40:47.238397,__main__,	,Found 2 host files.
02:40:47.267186,__main__,	,Load sites..
02:40:47.267567,__main__,	,Found 1 site files.
02:41:31.370727,__main__,	,Load hosts..
02:41:31.371446,__main__,	,Found 2 host files.
02:41:31.393380,__main__,	,Load sites..
02:41:31.393757,__main__,	,Found 1 site files.
02:42:29.781400,__main__,	,Load hosts..
02:42:29.782327,__main__,	,Found 2 host files.
02:42:29.803460,__main__,	,Load sites..
02:42:29.803846,__main__,	,Found 1 site files.
02:42:48.830403,__main__,	,Load hosts..
02:42:48.830824,__main__,	,Found 2 host files.
02:42:48.854412,__main__,	,Load sites..
02:42:48.854819,__main__,	,Found 1 site files.
02:46:36.693220,__main__,	,Load hosts..
02:46:36.694055,__main__,	,Found 2 host files.
02:46:36.719051,__main__,	,Load sites..
02:46:36.719493,__main__,	,Found 1 site files.
02:47:03.288445,__main__,	,Load hosts..
02:47:03.289138,__main__,	,Found 2 host files.
02:47:03.311430,__main__,	,Load sites..
02:47:03.311821,__main__,	,Found 1 site files.
02:47:28.806107,__main__,	,Load hosts..
02:47:28.806703,__main__,	,Found 2 host files.
02:47:28.829817,__main__,	,Load sites..
02:47:28.830423,__main__,	,Found 1 site files.
02:48:26.709946,__main__,	,Load hosts..
02:48:26.710476,__main__,	,Found 2 host files.
02:48:26.734543,__main__,	,Load sites..
02:48:26.734875,__main__,	,Found 1 site files.
02:48:35.788007,__main__,	,Load hosts..
02:48:35.788566,__main__,	,Found 2 host files.
02:48:35.811724,__main__,	,Load sites..
02:48:35.812099,__main__,	,Found 1 site files.
02:49:00.031261,__main__,	,Load hosts..
02:49:00.031750,__main__,	,Found 2 host files.
02:49:00.059860,__main__,	,Load sites..
02:49:00.060335,__main__,	,Found 1 site files.
02:49:18.318111,__main__,	,Load hosts..
02:49:18.318717,__main__,	,Found 2 host files.
02:49:18.343729,__main__,	,Load sites..
02:49:18.344158,__main__,	,Found 1 site files.
02:50:12.952637,__main__,	,Load hosts..
02:50:12.953170,__main__,	,Found 2 host files.
02:50:12.974872,__main__,	,Load sites..
02:50:12.975166,__main__,	,Found 1 site files.
02:50:24.969882,__main__,	,Load hosts..
02:50:24.970329,__main__,	,Found 2 host files.
02:50:24.994953,__main__,	,Load sites..
02:50:24.995419,__main__,	,Found 1 site files.
02:50:44.862730,__main__,	,Init..
02:50:45.057750,__main__,	,Init..
02:50:45.299109,__main__,	,Load hosts..
02:50:45.299843,__main__,	,Found 2 host files.
02:50:45.322157,__main__,	,Load sites..
02:50:45.322452,__main__,	,Found 1 site files.
02:52:53.835787,__main__,	,Load hosts..
02:52:53.836308,__main__,	,Found 2 host files.
02:52:53.854764,__main__,	,Load sites..
02:52:53.855055,__main__,	,Found 1 site files.
02:52:59.806515,__main__,	,Init..
02:52:59.983814,__main__,	,Init..
02:53:00.222872,__main__,	,Load hosts..
02:53:00.223871,__main__,	,Found 2 host files.
02:53:00.246074,__main__,	,Load sites..
02:53:00.246522,__main__,	,Found 1 site files.
02:53:29.370250,__main__,	,Load hosts..
02:53:29.370997,__main__,	,Found 2 host files.
02:53:29.394649,__main__,	,Load sites..
02:53:29.395133,__main__,	,Found 1 site files.
02:55:07.374924,__main__,	,Load hosts..
02:55:07.375486,__main__,	,Found 2 host files.
02:55:07.396396,__main__,	,Load sites..
02:55:07.396810,__main__,	,Found 1 site files.
02:56:03.205463,__main__,	,Load hosts..
02:56:03.206122,__main__,	,Found 2 host files.
02:56:03.226785,__main__,	,Load sites..
02:56:03.227476,__main__,	,Found 1 site files.
03:00:42.682242,__main__,	,Load hosts..
03:00:42.682736,__main__,	,Found 2 host files.
03:00:42.711354,__main__,	,Load sites..
03:00:42.711701,__main__,	,Found 1 site files.
03:01:30.993987,__main__,	,Load hosts..
03:01:30.994518,__main__,	,Found 2 host files.
03:01:31.017299,__main__,	,Load sites..
03:01:31.017879,__main__,	,Found 1 site files.
04:11:26.476729,__main__,	,Init..
04:11:26.698751,__main__,	,Init..
04:11:48.772944,__main__,	,Load hosts..
04:11:48.773908,__main__,	,Found 2 host files.
04:11:48.802367,__main__,	,Load sites..
04:11:48.802746,__main__,	,Found 1 site files.
04:15:58.102162,__main__,	,Load hosts..
04:15:58.102847,__main__,	,Found 2 host files.
04:15:58.125463,__main__,	,Load sites..
04:15:58.125896,__main__,	,Found 1 site files.
04:16:31.424341,__main__,	,Load hosts..
04:16:31.424801,__main__,	,Found 2 host files.
04:16:31.454218,__main__,	,Load sites..
04:16:31.454538,__main__,	,Found 1 site files.
04:19:15.497173,__main__,	,Load hosts..
04:19:15.497759,__main__,	,Found 2 host files.
04:19:15.523389,__main__,	,Load sites..
04:19:15.523828,__main__,	,Found 1 site files.
04:33:31.542440,__main__,	,Load hosts..
04:33:31.561527,__main__,	,Found 2 host files.
04:33:31.575874,__main__,	,Load sites..
04:33:31.576264,__main__,	,Found 1 site files.
04:34:43.264846,__main__,	,Load hosts..
04:34:43.265185,__main__,	,Found 2 host files.
04:34:43.288652,__main__,	,Load sites..
04:34:43.289180,__main__,	,Found 1 site files.
04:34:55.920283,__main__,	,Load hosts..
04:34:55.920839,__main__,	,Found 2 host files.
04:34:55.942095,__main__,	,Load sites..
04:34:55.942372,__main__,	,Found 1 site files.
04:35:56.067881,__main__,	,Load hosts..
04:35:56.068675,__main__,	,Found 2 host files.
04:35:56.091050,__main__,	,Load sites..
04:35:56.091466,__main__,	,Found 1 site files.
04:35:57.613695,__main__,	,Load hosts..
04:35:57.614262,__main__,	,Found 2 host files.
04:35:57.636386,__main__,	,Load sites..
04:35:57.636871,__main__,	,Found 1 site files.
04:36:11.818535,__main__,	,Load hosts..
04:36:11.819124,__main__,	,Found 2 host files.
04:36:11.844329,__main__,	,Load sites..
04:36:11.844647,__main__,	,Found 1 site files.
04:37:49.118196,__main__,	,Load hosts..
04:37:49.118687,__main__,	,Found 2 host files.
04:37:49.148548,__main__,	,Load sites..
04:37:49.149034,__main__,	,Found 1 site files.
04:39:48.413554,__main__,	,Load hosts..
04:39:48.414135,__main__,	,Found 2 host files.
04:39:48.440707,__main__,	,Load sites..
04:39:48.441037,__main__,	,Found 1 site files.
04:45:36.891607,__main__,	,Load hosts..
04:45:36.892120,__main__,	,Found 2 host files.
04:45:36.912681,__main__,	,Load sites..
04:45:36.913105,__main__,	,Found 1 site files.
04:50:57.242163,__main__,	,Load hosts..
04:50:57.242656,__main__,	,Found 2 host files.
04:50:57.269692,__main__,	,Load sites..
04:50:57.270114,__main__,	,Found 1 site files.
05:00:50.097906,__main__,	,Load hosts..
05:00:50.098389,__main__,	,Found 2 host files.
05:00:50.125282,__main__,	,Load sites..
05:00:50.125792,__main__,	,Found 1 site files.
05:01:01.474989,__main__,	,Load hosts..
05:01:01.475442,__main__,	,Found 2 host files.
05:01:01.500793,__main__,	,Load sites..
05:01:01.501217,__main__,	,Found 1 site files.
05:01:31.316607,__main__,	,Load hosts..
05:01:31.317081,__main__,	,Found 2 host files.
05:01:31.340633,__main__,	,Load sites..
05:01:31.341027,__main__,	,Found 1 site files.
05:01:46.998879,__main__,	,Load hosts..
05:01:46.999318,__main__,	,Found 2 host files.
05:01:47.022123,__main__,	,Load sites..
05:01:47.022709,__main__,	,Found 1 site files.
05:02:05.138524,__main__,	,Load hosts..
05:02:05.139033,__main__,	,Found 2 host files.
05:02:05.165965,__main__,	,Load sites..
05:02:05.166358,__main__,	,Found 1 site files.
05:02:19.288599,__main__,	,Load hosts..
05:02:19.289386,__main__,	,Found 2 host files.
05:02:19.308423,__main__,	,Load sites..
05:02:19.308757,__main__,	,Found 1 site files.
05:02:33.245398,__main__,	,Load hosts..
05:02:33.246109,__main__,	,Found 2 host files.
05:02:33.274364,__main__,	,Load sites..
05:02:33.274686,__main__,	,Found 1 site files.
05:03:10.225505,__main__,	,Load hosts..
05:03:10.226259,__main__,	,Found 2 host files.
05:03:10.257490,__main__,	,Load sites..
05:03:10.257803,__main__,	,Found 1 site files.
05:03:58.460527,__main__,	,Load hosts..
05:03:58.461053,__main__,	,Found 2 host files.
05:03:58.484940,__main__,	,Load sites..
05:03:58.485343,__main__,	,Found 1 site files.
05:04:08.884617,__main__,	,Load hosts..
05:04:08.885090,__main__,	,Found 2 host files.
05:04:08.904245,__main__,	,Load sites..
05:04:08.904591,__main__,	,Found 1 site files.
05:04:39.736948,__main__,	,Load hosts..
05:04:39.737418,__main__,	,Found 2 host files.
05:04:39.760664,__main__,	,Load sites..
05:04:39.761079,__main__,	,Found 1 site files.
05:12:36.418378,__main__,	,Load hosts..
05:12:36.418816,__main__,	,Found 2 host files.
05:12:36.443653,__main__,	,Load sites..
05:12:36.444077,__main__,	,Found 1 site files.
05:14:29.235761,__main__,	,Load hosts..
05:14:29.236448,__main__,	,Found 2 host files.
05:14:29.257915,__main__,	,Load sites..
05:14:29.258518,__main__,	,Found 1 site files.
05:21:35.393585,__main__,	,Load hosts..
05:21:35.394124,__main__,	,Found 2 host files.
05:21:35.423939,__main__,	,Load sites..
05:21:35.424304,__main__,	,Found 1 site files.
05:25:09.241202,__main__,	,Load hosts..
05:25:09.241648,__main__,	,Found 2 host files.
05:25:09.264362,__main__,	,Load sites..
05:25:09.265155,__main__,	,Found 1 site files.
