time,package,object,details
05:17:37.997516,__main__,	,Init..
05:17:38.182237,__main__,	,Init..
05:18:16.760731,__main__,	,Load hosts..
05:18:16.761881,__main__,	,Found 2 hosts.
05:18:16.797080,__main__,	,Load sites..
05:32:40.250450,__main__,	,Load hosts..
05:32:40.250874,__main__,	,Found 2 hosts.
05:32:52.601589,__main__,	,Load hosts..
05:32:52.602006,__main__,	,Found 2 hosts.
05:32:54.619716,__main__,	,Load hosts..
05:32:54.619983,__main__,	,Found 2 hosts.
06:00:46.176423,__main__,	,Init..
06:00:46.361833,__main__,	,Init..
06:00:56.872158,__main__,	,Load hosts..
06:00:56.873152,__main__,	,Found 2 hosts.
06:00:56.893993,__main__,	,Load sites..
06:05:33.120380,__main__,	,Init..
06:05:33.253512,__main__,	,Init..
06:05:39.294294,__main__,	,Load hosts..
06:05:39.295439,__main__,	,Found 2 hosts.
06:05:39.323958,__main__,	,Load sites..
06:06:05.986648,__main__,	,Init..
06:06:06.123218,__main__,	,Init..
06:06:07.122526,__main__,	,Load hosts..
06:06:07.123234,__main__,	,Found 2 hosts.
06:06:07.182978,__main__,	,Load sites..
06:07:33.837418,__main__,	,Init..
06:07:33.981336,__main__,	,Init..
06:07:36.025103,__main__,	,Load hosts..
06:07:36.025877,__main__,	,Found 2 hosts.
06:07:36.069425,__main__,	,Load sites..
06:08:27.318461,__main__,	,Init..
06:08:27.456766,__main__,	,Init..
06:08:56.309852,__main__,	,Load hosts..
06:08:56.310811,__main__,	,Found 2 hosts.
06:08:56.352845,__main__,	,Load sites..
06:13:02.700726,__main__,	,Init..
06:13:02.850077,__main__,	,Init..
06:13:03.878367,__main__,	,Load hosts..
06:13:03.879349,__main__,	,Found 2 hosts.
06:13:03.909413,__main__,	,Load sites..
06:14:28.826580,__main__,	,Init..
06:14:28.964660,__main__,	,Init..
06:14:30.065910,__main__,	,Load hosts..
06:14:30.066349,__main__,	,Found 2 hosts.
06:14:30.102562,__main__,	,Load sites..
06:17:37.363752,__main__,	,Init..
06:17:37.503179,__main__,	,Init..
06:17:41.201644,__main__,	,Load hosts..
06:17:41.202296,__main__,	,Found 2 hosts.
06:17:41.267147,__main__,	,Load sites..
06:18:47.322582,__main__,	,Init..
06:18:47.504330,__main__,	,Init..
06:18:47.727707,__main__,	,Load hosts..
06:18:47.728531,__main__,	,Found 2 hosts.
06:18:47.779518,__main__,	,Load sites..
06:18:50.735118,__main__,	,Load hosts..
06:18:50.735674,__main__,	,Found 2 hosts.
06:18:50.754512,__main__,	,Load sites..
06:19:00.226665,__main__,	,Load hosts..
06:19:00.227222,__main__,	,Found 2 hosts.
06:19:00.247385,__main__,	,Load sites..
06:20:02.097034,__main__,	,Load hosts..
06:20:02.097517,__main__,	,Found 2 hosts.
06:20:02.117087,__main__,	,Load sites..
06:20:47.556530,__main__,	,Load hosts..
06:20:47.557289,__main__,	,Found 2 hosts.
06:20:47.576322,__main__,	,Load sites..
06:20:51.233793,__main__,	,Load hosts..
06:20:51.234356,__main__,	,Found 2 hosts.
06:20:51.251816,__main__,	,Load sites..
06:20:58.006910,__main__,	,Init..
06:20:58.190998,__main__,	,Init..
06:20:58.423472,__main__,	,Load hosts..
06:20:58.424114,__main__,	,Found 2 hosts.
06:20:58.469383,__main__,	,Load sites..
06:24:37.881539,__main__,	,Init..
06:24:38.041857,__main__,	,Init..
06:24:38.273110,__main__,	,Load hosts..
06:24:38.274041,__main__,	,Found 2 hosts.
06:24:38.294960,__main__,	,Load sites..
06:26:31.189014,__main__,	,Init..
06:26:31.341965,__main__,	,Init..
06:26:31.572944,__main__,	,Load hosts..
06:26:31.573551,__main__,	,Found 2 hosts.
06:26:31.595932,__main__,	,Load sites..
06:26:35.666168,__main__,	,Load hosts..
06:26:35.666637,__main__,	,Found 2 hosts.
06:26:35.682937,__main__,	,Load sites..
06:27:28.700066,__main__,	,Init..
06:27:28.882378,__main__,	,Init..
06:27:29.111979,__main__,	,Load hosts..
06:27:29.113016,__main__,	,Found 2 hosts.
06:27:29.157513,__main__,	,Load sites..
06:34:58.461759,__main__,	,Init..
06:34:58.627132,__main__,	,Init..
06:34:58.854370,__main__,	,Load hosts..
06:34:58.855092,__main__,	,Found 2 hosts.
06:34:58.906246,__main__,	,Load sites..
06:35:03.080633,__main__,	,Load hosts..
06:35:03.081205,__main__,	,Found 2 hosts.
06:35:03.102011,__main__,	,Load sites..
06:37:55.305945,__main__,	,Init..
06:37:55.466279,__main__,	,Init..
06:37:55.692069,__main__,	,Load hosts..
06:37:55.692890,__main__,	,Found 2 hosts.
06:37:55.714356,__main__,	,Load sites..
06:37:58.284887,__main__,	,Load hosts..
06:37:58.285479,__main__,	,Found 2 hosts.
06:37:58.307299,__main__,	,Load sites..
06:38:50.091374,__main__,	,Init..
06:38:50.254911,__main__,	,Init..
06:38:50.478823,__main__,	,Load hosts..
06:38:50.480043,__main__,	,Found 2 hosts.
06:38:50.490642,__main__,	,Load sites..
06:38:53.818209,__main__,	,Load hosts..
06:38:53.818787,__main__,	,Found 2 hosts.
06:38:53.839734,__main__,	,Load sites..
06:39:38.307732,__main__,	,Init..
06:39:38.460408,__main__,	,Init..
06:39:38.722282,__main__,	,Load hosts..
06:39:38.723070,__main__,	,Found 2 hosts.
06:39:38.744886,__main__,	,Load sites..
06:40:20.737281,__main__,	,Init..
06:40:20.897279,__main__,	,Init..
06:40:21.129895,__main__,	,Load hosts..
06:40:21.130861,__main__,	,Found 2 hosts.
06:40:21.185307,__main__,	,Load sites..
06:40:25.338840,__main__,	,Load hosts..
06:40:25.339370,__main__,	,Found 2 hosts.
06:40:25.360782,__main__,	,Load sites..
06:41:23.723159,__main__,	,Init..
06:41:23.904381,__main__,	,Init..
06:41:24.153426,__main__,	,Load hosts..
06:41:24.154468,__main__,	,Found 2 hosts.
06:41:24.206036,__main__,	,Load sites..
06:41:27.059700,__main__,	,Load hosts..
06:41:27.060170,__main__,	,Found 2 hosts.
06:41:27.080062,__main__,	,Load sites..
06:42:52.019514,__main__,	,Init..
06:42:52.193956,__main__,	,Init..
06:42:52.400899,__main__,	,Load hosts..
06:42:52.401544,__main__,	,Found 2 hosts.
06:42:52.419452,__main__,	,Load sites..
06:42:55.579332,__main__,	,Load hosts..
06:42:55.579936,__main__,	,Found 2 hosts.
06:42:55.603511,__main__,	,Load sites..
06:45:37.132058,__main__,	,Init..
06:45:37.282556,__main__,	,Init..
06:45:37.532263,__main__,	,Load hosts..
06:45:37.532971,__main__,	,Found 2 hosts.
06:45:37.582601,__main__,	,Load sites..
06:45:51.411807,__main__,	,Init..
06:45:51.560878,__main__,	,Init..
06:45:51.796474,__main__,	,Load hosts..
06:45:51.797547,__main__,	,Found 2 hosts.
06:45:51.820361,__main__,	,Load sites..
06:45:54.248129,__main__,	,Load hosts..
06:45:54.248836,__main__,	,Found 2 hosts.
06:45:54.269198,__main__,	,Load sites..
06:46:46.724838,__main__,	,Init..
06:46:46.883271,__main__,	,Init..
06:46:47.111150,__main__,	,Load hosts..
06:46:47.112076,__main__,	,Found 2 hosts.
06:46:47.134197,__main__,	,Load sites..
06:47:35.027294,__main__,	,Init..
06:47:35.210461,__main__,	,Init..
06:47:35.391735,__main__,	,Load hosts..
06:47:35.392546,__main__,	,Found 2 hosts.
06:47:35.413865,__main__,	,Load sites..
06:48:06.788077,__main__,	,Init..
06:48:06.948179,__main__,	,Init..
06:48:07.170843,__main__,	,Load hosts..
06:48:07.171662,__main__,	,Found 2 hosts.
06:48:07.199378,__main__,	,Load sites..
06:48:33.592432,__main__,	,Init..
06:48:33.763028,__main__,	,Init..
06:48:33.985917,__main__,	,Load hosts..
06:48:33.986950,__main__,	,Found 2 hosts.
06:48:34.008143,__main__,	,Load sites..
06:48:51.662259,__main__,	,Init..
06:48:51.826805,__main__,	,Init..
06:48:52.067092,__main__,	,Load hosts..
06:48:52.068056,__main__,	,Found 2 hosts.
06:48:52.115471,__main__,	,Load sites..
06:50:17.824517,__main__,	,Init..
06:50:17.993062,__main__,	,Init..
06:50:18.222193,__main__,	,Load hosts..
06:50:18.223250,__main__,	,Found 2 hosts.
06:50:18.242531,__main__,	,Load sites..
06:51:40.502742,__main__,	,Init..
06:51:40.643122,__main__,	,Init..
06:51:56.834487,__main__,	,Load hosts..
06:51:56.835662,__main__,	,Found 2 hosts.
06:51:56.905787,__main__,	,Load sites..
06:53:46.448747,__main__,	,Init..
06:53:46.581144,__main__,	,Init..
06:53:48.563452,__main__,	,Load hosts..
06:53:48.564126,__main__,	,Found 2 hosts.
06:53:48.586274,__main__,	,Load sites..
06:53:54.346987,__main__,	,Load hosts..
06:53:54.347567,__main__,	,Found 2 hosts.
06:53:54.370405,__main__,	,Load sites..
06:54:37.320271,__main__,	,Init..
06:54:37.457002,__main__,	,Init..
06:54:41.470658,__main__,	,Load hosts..
06:54:41.471491,__main__,	,Found 2 hosts.
06:54:41.492354,__main__,	,Load sites..
06:54:44.515633,__main__,	,Load hosts..
06:54:44.515978,__main__,	,Found 2 hosts.
06:54:44.537392,__main__,	,Load sites..
06:55:37.004244,__main__,	,Init..
06:55:37.155925,__main__,	,Init..
06:55:38.417156,__main__,	,Load hosts..
06:55:38.417912,__main__,	,Found 2 hosts.
06:55:38.444058,__main__,	,Load sites..
06:56:27.080566,__main__,	,Init..
06:56:27.234608,__main__,	,Init..
06:57:12.938469,__main__,	,Load hosts..
06:57:12.939187,__main__,	,Found 2 hosts.
06:57:12.962119,__main__,	,Load sites..
07:47:58.552452,__main__,	,Init..
07:47:58.691432,__main__,	,Init..
07:48:04.487522,__main__,	,Load hosts..
07:48:04.488261,__main__,	,Found 2 hosts.
07:48:04.532032,__main__,	,Load sites..
07:51:21.289346,__main__,	,Init..
07:51:21.462871,__main__,	,Init..
07:51:21.672945,__main__,	,Load hosts..
07:51:21.674024,__main__,	,Found 2 hosts.
07:51:21.697050,__main__,	,Load sites..
07:52:01.942228,__main__,	,Init..
07:52:02.136346,__main__,	,Init..
07:52:02.383620,__main__,	,Load hosts..
07:52:02.384868,__main__,	,Found 2 hosts.
07:52:02.439200,__main__,	,Load sites..
07:53:34.051907,__main__,	,Init..
07:53:34.223170,__main__,	,Init..
07:53:34.453687,__main__,	,Load hosts..
07:53:34.454713,__main__,	,Found 2 hosts.
07:53:34.477825,__main__,	,Load sites..
07:53:39.442713,__main__,	,Load hosts..
07:53:39.443230,__main__,	,Found 2 hosts.
07:53:39.468653,__main__,	,Load sites..
07:54:20.218055,__main__,	,Init..
07:54:20.392843,__main__,	,Init..
07:54:20.657086,__main__,	,Load hosts..
07:54:20.657900,__main__,	,Found 2 hosts.
07:54:20.677910,__main__,	,Load sites..
07:56:03.661564,__main__,	,Init..
07:56:03.834236,__main__,	,Init..
07:56:12.000711,__main__,	,Load hosts..
07:56:12.001401,__main__,	,Found 2 hosts.
07:56:12.020275,__main__,	,Load sites..
07:56:24.508201,__main__,	,Init..
07:56:24.695671,__main__,	,Init..
07:56:24.921659,__main__,	,Load hosts..
07:56:24.922439,__main__,	,Found 2 hosts.
07:56:24.945584,__main__,	,Load sites..
08:01:59.375349,__main__,	,Init..
08:01:59.530884,__main__,	,Init..
08:02:03.210864,__main__,	,Load hosts..
08:02:03.211529,__main__,	,Found 2 hosts.
08:02:03.233212,__main__,	,Load sites..
08:03:33.907317,__main__,	,Init..
08:03:34.106875,__main__,	,Init..
08:03:34.328281,__main__,	,Load hosts..
08:03:34.329081,__main__,	,Found 2 hosts.
08:03:34.374915,__main__,	,Load sites..
08:03:52.543469,__main__,	,Init..
08:03:52.682589,__main__,	,Init..
08:03:54.094726,__main__,	,Load hosts..
08:03:54.095717,__main__,	,Found 2 hosts.
08:03:54.123377,__main__,	,Load sites..
08:04:06.160015,__main__,	,Init..
08:04:06.361134,__main__,	,Init..
08:04:06.593126,__main__,	,Load hosts..
08:04:06.593843,__main__,	,Found 2 hosts.
08:04:06.620610,__main__,	,Load sites..
08:06:42.947011,__main__,	,Init..
08:06:43.111116,__main__,	,Init..
08:06:44.536737,__main__,	,Load hosts..
08:06:44.537700,__main__,	,Found 2 hosts.
08:06:44.561537,__main__,	,Load sites..
08:07:39.118750,__main__,	,Init..
08:07:39.265456,__main__,	,Init..
08:07:40.604148,__main__,	,Load hosts..
08:07:40.604826,__main__,	,Found 2 hosts.
08:07:40.629035,__main__,	,Load sites..
08:07:52.657895,__main__,	,Init..
08:07:52.829296,__main__,	,Init..
08:07:53.042433,__main__,	,Load hosts..
08:07:53.043114,__main__,	,Found 2 hosts.
08:07:53.067508,__main__,	,Load sites..
08:09:53.654763,__main__,	,Init..
08:09:59.841575,__main__,	,Init..
08:10:33.671674,__main__,	,Init..
08:10:33.835764,__main__,	,Init..
08:10:34.065251,__main__,	,Load hosts..
08:10:34.066127,__main__,	,Found 2 host files.
08:10:34.090089,__main__,	,Load sites..
08:10:38.037527,__main__,	,Init..
08:10:40.207825,__main__,	,Init..
08:11:17.570992,__main__,	,Init..
08:11:20.739077,__main__,	,Init..
08:12:30.258955,__main__,	,Init..
08:12:46.101424,__main__,	,Init..
08:12:46.253461,__main__,	,Init..
08:12:46.494915,__main__,	,Load hosts..
08:12:46.495530,__main__,	,Found 2 host files.
08:12:51.455576,__main__,	,Init..
08:14:09.036903,__main__,	,Init..
08:14:24.041690,__main__,	,Init..
08:14:24.200507,__main__,	,Init..
08:14:24.400883,__main__,	,Load hosts..
08:14:24.402066,__main__,	,Found 2 host files.
08:14:24.403820,__main__,	,"{'label': 'ns2.cld.technology', 'hostname': 'ns2 cloud ds', 'domain': 'cld.technology', 'web_panel_url': 'https://ns2.cld.technology:10/'}, {'label': 'ns1.cld.technology', 'hostname': 'ns1 team chat', 'domain': 'cld.technology', 'web_panel_url': 'https://ns1.cld.technology:10/'}"
08:14:24.425520,__main__,	,Load sites..
08:14:24.425866,__main__,	,Found 1 site files.
08:14:28.319868,__main__,	,Load hosts..
08:14:28.320433,__main__,	,Found 2 host files.
08:14:28.322496,__main__,	,"{'label': 'ns2.cld.technology', 'hostname': 'ns2 cloud ds', 'domain': 'cld.technology', 'web_panel_url': 'https://ns2.cld.technology:10/'}, {'label': 'ns1.cld.technology', 'hostname': 'ns1 team chat', 'domain': 'cld.technology', 'web_panel_url': 'https://ns1.cld.technology:10/'}"
08:14:28.342735,__main__,	,Load sites..
08:14:28.343059,__main__,	,Found 1 site files.
08:14:34.274083,__main__,	,Load hosts..
08:14:34.274608,__main__,	,Found 2 host files.
08:14:34.276045,__main__,	,"{'label': 'ns2.cld.technology', 'hostname': 'ns2 cloud ds', 'domain': 'cld.technology', 'web_panel_url': 'https://ns2.cld.technology:10/'}, {'label': 'ns1.cld.technology', 'hostname': 'ns1 team chat', 'domain': 'cld.technology', 'web_panel_url': 'https://ns1.cld.technology:10/'}"
08:14:34.296516,__main__,	,Load sites..
08:14:34.296827,__main__,	,Found 1 site files.
08:17:52.500363,__main__,	,Init..
08:18:13.772622,__main__,	,Init..
08:18:15.947677,__main__,	,Init..
10:13:55.861103,__main__,	,Init..
10:13:56.041961,__main__,	,Init..
10:13:56.636588,__main__,	,Load hosts..
10:13:56.637537,__main__,	,Found 2 host files.
10:13:56.674891,__main__,	,Load sites..
10:13:56.675206,__main__,	,Found 1 site files.
11:25:48.054583,__main__,	,Init..
11:25:48.238482,__main__,	,Init..
11:25:48.536533,__main__,	,Load hosts..
11:25:48.537080,__main__,	,Found 2 host files.
11:25:48.580402,__main__,	,Load sites..
11:25:48.580788,__main__,	,Found 1 site files.
11:38:27.352465,__main__,	,Load hosts..
11:38:27.352887,__main__,	,Found 2 host files.
11:38:27.402427,__main__,	,Load sites..
11:38:27.402883,__main__,	,Found 1 site files.
11:39:35.154266,__main__,	,Load hosts..
11:39:35.154754,__main__,	,Found 2 host files.
11:39:35.177677,__main__,	,Load sites..
11:39:35.178073,__main__,	,Found 1 site files.
12:45:19.718582,__main__,	,Load hosts..
12:45:19.719398,__main__,	,Found 2 host files.
12:45:19.741887,__main__,	,Load sites..
12:45:19.742373,__main__,	,Found 1 site files.
13:59:45.175550,__main__,	,Init..
13:59:45.373209,__main__,	,Init..
13:59:50.779208,__main__,	,Load hosts..
13:59:50.780153,__main__,	,Found 2 host files.
13:59:50.801493,__main__,	,Load sites..
13:59:50.801855,__main__,	,Found 1 site files.
14:01:15.668397,__main__,	,Load hosts..
14:01:15.669264,__main__,	,Found 2 host files.
14:01:15.689765,__main__,	,Load sites..
14:01:15.690175,__main__,	,Found 1 site files.
14:02:09.549095,__main__,	,Load hosts..
14:02:09.549544,__main__,	,Found 2 host files.
14:02:09.570667,__main__,	,Load sites..
14:02:09.570962,__main__,	,Found 1 site files.
14:02:12.401675,__main__,	,Load hosts..
14:02:12.402212,__main__,	,Found 2 host files.
14:02:12.427061,__main__,	,Load sites..
14:02:12.427763,__main__,	,Found 1 site files.
22:00:16.517387,__main__,	,Init..
22:00:16.741524,__main__,	,Init..
22:00:20.977975,__main__,	,Load hosts..
22:00:20.979355,__main__,	,Found 2 host files.
22:00:21.008604,__main__,	,Load sites..
22:00:21.008976,__main__,	,Found 1 site files.
