time,package,object,details
02:17:38.100596,__main__,	,Init..
02:17:38.259135,__main__,	,Init..
11:00:01.936521,__main__,	,Init..
11:00:07.613728,__main__,	,Init..
11:00:07.783699,__main__,	,Init..
11:00:48.818574,__main__,	,Init..
11:00:48.979313,__main__,	,Init..
11:01:41.453382,__main__,	,Init..
11:02:02.970276,__main__,	,Init..
11:02:03.127583,__main__,	,Init..
11:15:59.792720,__main__,	,Init..
11:16:03.833165,__main__,	,Init..
11:16:03.995629,__main__,	,Init..
11:16:04.245923,__main__,	,"""CLD Tech"""
11:16:04.246172,__main__,	,"""cld.technology"""
11:16:04.246323,__main__,	,"""https://cld.technology:10000/"""
12:08:40.293715,__main__,	,Init..
12:08:42.462535,__main__,	,Init..
12:08:49.543160,__main__,	,Init..
12:08:49.707651,__main__,	,Init..
12:08:49.993949,__main__,	,"""CLD Tech"""
12:08:49.994288,__main__,	,"""cld.technology"""
12:08:49.994501,__main__,	,"""https://cld.technology:10000/"""
12:18:36.230681,__main__,	,Init..
12:18:36.396825,__main__,	,Init..
12:18:36.652685,__main__,	,"""CLD Tech"""
12:18:36.652957,__main__,	,"""cld.technology"""
12:18:36.653115,__main__,	,"""https://cld.technology:10000/"""
12:20:03.833437,__main__,	,Init..
12:20:04.001571,__main__,	,Init..
12:20:04.283491,__main__,	,"""CLD Tech"""
12:20:04.283673,__main__,	,"""cld.technology"""
12:20:04.283796,__main__,	,"""https://cld.technology:10000/"""
12:26:09.632479,__main__,	,Init..
12:26:09.803943,__main__,	,Init..
12:26:10.027339,__main__,	,"""CLD Tech"""
12:26:10.027739,__main__,	,"""cld.technology"""
12:26:10.028010,__main__,	,"""https://cld.technology:10000/"""
12:26:19.903546,__main__,	,"""CLD Tech"""
12:26:19.903775,__main__,	,"""cld.technology"""
12:26:19.903937,__main__,	,"""https://cld.technology:10000/"""
12:29:42.119636,__main__,	,Init..
12:29:46.212410,__main__,	,Init..
12:29:46.392283,__main__,	,Init..
12:29:46.650872,__main__,	,"""CLD Tech"""
12:29:46.651143,__main__,	,"""cld.technology"""
12:29:46.651309,__main__,	,"""https://cld.technology:10000/"""
12:29:55.961381,__main__,	,"""CLD Tech"""
12:29:55.961592,__main__,	,"""cld.technology"""
12:29:55.961747,__main__,	,"""https://cld.technology:10000/"""
12:31:04.965799,__main__,	,Init..
12:31:08.800233,__main__,	,Init..
12:31:08.959922,__main__,	,Init..
12:31:09.239250,__main__,	,"""CLD Tech"""
12:31:09.239548,__main__,	,"""cld.technology"""
12:31:09.239784,__main__,	,"""https://cld.technology:10000/"""
12:31:11.855228,__main__,	,"""CLD Tech"""
12:31:11.855367,__main__,	,"""cld.technology"""
12:31:11.855446,__main__,	,"""https://cld.technology:10000/"""
12:31:30.256258,__main__,	,Init..
12:31:32.132176,__main__,	,"""CLD Tech"""
12:31:32.132368,__main__,	,"""cld.technology"""
12:31:32.132498,__main__,	,"""https://cld.technology:10000/"""
12:48:49.948336,__main__,	,Init..
12:49:25.757131,__main__,	,Init..
12:49:25.915719,__main__,	,Init..
19:28:37.510227,__main__,	,Init..
19:28:37.692673,__main__,	,Init..
19:30:56.459759,__main__,	,Init..
19:30:56.636292,__main__,	,Init..
19:32:26.756486,__main__,	,Init..
19:32:26.938713,__main__,	,Init..
19:32:50.662442,__main__,	,Init..
19:32:50.829386,__main__,	,Init..
20:45:06.946009,__main__,	,Init..
20:45:07.191095,__main__,	,Init..
20:56:17.628606,__main__,	,Init..
20:56:17.812061,__main__,	,Init..
21:00:01.814252,__main__,	,Init..
21:00:01.977538,__main__,	,Init..
21:01:40.709526,__main__,	,Init..
21:01:40.866654,__main__,	,Init..
21:03:23.870259,__main__,	,Init..
21:03:24.043800,__main__,	,Init..
21:06:11.127467,__main__,	,Init..
21:06:14.288377,__main__,	,Init..
21:12:57.545888,__main__,	,Init..
21:12:57.718464,__main__,	,Init..
