time,package,object,details
03:36:02.355135,__main__,	,Init..
03:40:18.901561,__main__,	,Init..
03:41:50.521074,__main__,	,Init..
03:43:56.334770,__main__,	,Init..
03:44:17.592677,__main__,	,Init..
03:44:22.007267,__main__,	,GET param..
03:44:22.008125,__main__,	,Return <https://cld.technology:10000/>.
03:44:37.079853,__main__,	,GET param..
03:44:37.080549,__main__,	,Return <https://cld.technology:10000/>.
03:50:21.739503,__main__,	,GET param..
03:50:21.740383,__main__,	,Return <https://cld.technology:10000/>.
03:50:35.143737,__main__,	,Init..
03:50:35.298355,__main__,	,Init..
03:50:40.157689,__main__,	,GET param..
03:50:40.158515,__main__,	,Return <https://cld.technology:10000/>.
03:51:42.277228,__main__,	,GET param..
03:51:42.278002,__main__,	,Return <https://cld.technology:10000/>.
03:52:13.675888,__main__,	,GET param..
03:52:13.676823,__main__,	,Return <https://cld.technology:10000/>.
03:54:42.414081,__main__,	,GET param..
03:54:42.415099,__main__,	,Return <https://cld.technology:10000/>.
04:28:22.697008,__main__,	,Init..
04:28:22.871598,__main__,	,Init..
04:28:32.631193,__main__,	,GET param..
04:28:32.632247,__main__,	,Return <https://cld.technology:10000/>.
04:29:57.076036,__main__,	,GET param..
04:29:57.076838,__main__,	,Return <https://cld.technology:10000/>.
04:44:33.441200,__main__,	,Init..
04:44:33.604479,__main__,	,Init..
04:44:38.866125,__main__,	,GET param..
04:44:38.867019,__main__,	,Return <https://cld.technology:10000/>.
04:45:51.785132,__main__,	,Init..
04:45:51.944564,__main__,	,Init..
04:46:01.363182,__main__,	,GET param..
04:46:01.364073,__main__,	,Return <https://cld.technology:10000/>.
04:47:33.110485,__main__,	,GET param..
04:47:33.110982,__main__,	,Return <https://cld.technology:10000/>.
04:47:41.382321,__main__,	,Init..
04:47:41.545340,__main__,	,Init..
04:47:48.165290,__main__,	,GET param..
04:47:48.166240,__main__,	,Return <https://cld.technology:10000/>.
04:50:40.896005,__main__,	,GET param..
04:50:40.896707,__main__,	,Return <https://cld.technology:10000/>.
04:51:15.881000,__main__,	,GET param..
04:51:15.882155,__main__,	,Return <https://cld.technology:10000/>.
04:52:44.902862,__main__,	,GET param..
04:52:44.903363,__main__,	,Return <https://cld.technology:10000/>.
04:54:35.364837,__main__,	,GET param..
04:54:35.365945,__main__,	,Return <https://cld.technology:10000/>.
04:55:21.172896,__main__,	,GET param..
04:55:21.173780,__main__,	,Return <https://cld.technology:10000/>.
04:56:20.641823,__main__,	,GET param..
04:56:20.642579,__main__,	,Return <https://cld.technology:10000/>.
04:58:33.056682,__main__,	,Init..
04:58:33.227023,__main__,	,Init..
04:58:37.753262,__main__,	,GET param..
04:58:37.754234,__main__,	,Return <https://cld.technology:10000/>.
05:00:19.976080,__main__,	,GET param..
05:00:19.977269,__main__,	,Return <https://cld.technology:10000/>.
05:02:12.741847,__main__,	,GET param..
05:02:12.742356,__main__,	,Return <https://cld.technology:10000/>.
05:04:28.904565,__main__,	,Init..
05:04:29.083621,__main__,	,Init..
05:04:39.033215,__main__,	,GET param..
05:04:39.034373,__main__,	,Return <https://cld.technology:10000/>.
05:05:16.811843,__main__,	,GET param..
05:05:16.812388,__main__,	,Return <https://cld.technology:10000/>.
05:07:27.137748,__main__,	,GET param..
05:07:27.138512,__main__,	,Return <https://cld.technology:10000/>.
05:09:38.788515,__main__,	,GET param..
05:09:38.789348,__main__,	,Return <https://cld.technology:10000/>.
05:11:24.925115,__main__,	,GET param..
05:11:24.925957,__main__,	,Return <https://cld.technology:10000/>.
05:15:00.590840,__main__,	,Init..
05:15:00.750642,__main__,	,Init..
05:15:07.839252,__main__,	,GET param..
05:15:07.840431,__main__,	,Return <https://cld.technology:10000/>.
05:15:26.223873,__main__,	,GET param..
05:15:26.224536,__main__,	,Return <https://cld.technology:10000/>.
05:29:08.729962,__main__,	,GET param..
05:29:49.552319,__main__,	,GET param..
05:29:49.553158,__main__,	,Return <https://cld.technology:10000/>.
05:30:04.571042,__main__,	,GET param..
05:30:04.571854,__main__,	,Return <https://cld.technology:10/>.
05:30:22.617918,__main__,	,GET param..
05:30:22.618643,__main__,	,Return <https://ns1.cld.technology:10/>.
05:38:05.029907,__main__,	,Init..
05:38:05.203372,__main__,	,Init..
05:41:00.478530,__main__,	,Init..
05:41:00.648893,__main__,	,Init..
05:42:11.760257,__main__,	,Init..
05:42:11.922526,__main__,	,Init..
05:43:29.068548,__main__,	,Init..
05:43:29.223719,__main__,	,Init..
05:44:23.655169,__main__,	,Init..
05:44:23.807123,__main__,	,Init..
05:51:07.147399,__main__,	,Init..
05:51:07.311888,__main__,	,Init..
05:51:07.498838,__main__,	,Load hosts..
05:51:10.063683,__main__,	,GET param..
05:51:10.064319,__main__,	,Return <https://ns1.cld.technology:10/>.
05:52:42.094658,__main__,	,Init..
05:52:42.264199,__main__,	,Init..
05:52:42.441415,__main__,	,Load hosts..
05:52:43.669347,__main__,	,Load hosts..
05:52:44.575276,__main__,	,Load hosts..
05:52:45.270115,__main__,	,GET param..
05:52:45.270908,__main__,	,Return <https://ns1.cld.technology:10/>.
10:31:18.829192,__main__,	,Load hosts..
10:39:45.560421,__main__,	,Load hosts..
10:42:14.253479,__main__,	,Load hosts..
11:07:48.170920,__main__,	,Load hosts..
11:08:20.048688,__main__,	,Load hosts..
11:08:32.425980,__main__,	,Load hosts..
11:11:16.741554,__main__,	,Load hosts..
11:11:50.670599,__main__,	,Load hosts..
11:12:50.508008,__main__,	,Load hosts..
11:12:57.984939,__main__,	,Load hosts..
11:13:04.927379,__main__,	,Load hosts..
11:13:26.904257,__main__,	,Load hosts..
11:13:50.309998,__main__,	,Load hosts..
11:15:14.019968,__main__,	,Load hosts..
11:15:44.856495,__main__,	,Load hosts..
11:16:05.919703,__main__,	,Load hosts..
11:16:57.818263,__main__,	,Load hosts..
11:17:20.916429,__main__,	,Load hosts..
11:17:40.473325,__main__,	,Load hosts..
11:18:34.094756,__main__,	,Load hosts..
11:18:50.366490,__main__,	,Load hosts..
11:19:46.776476,__main__,	,Load hosts..
11:20:17.021378,__main__,	,Load hosts..
11:22:33.847895,__main__,	,Load hosts..
11:22:59.101044,__main__,	,Load hosts..
11:23:19.097556,__main__,	,Load hosts..
11:25:04.885254,__main__,	,Load hosts..
11:26:19.786148,__main__,	,Load hosts..
11:26:41.160208,__main__,	,Load hosts..
11:26:55.453033,__main__,	,Load hosts..
11:28:45.202807,__main__,	,Load hosts..
11:29:09.020218,__main__,	,Load hosts..
11:29:48.303091,__main__,	,Load hosts..
11:30:46.466670,__main__,	,Load hosts..
11:31:22.309002,__main__,	,Load hosts..
11:32:17.245813,__main__,	,Load hosts..
11:33:23.490999,__main__,	,Load hosts..
11:34:21.595731,__main__,	,Load hosts..
11:34:38.302541,__main__,	,Load hosts..
11:35:10.543719,__main__,	,Load hosts..
11:37:19.272507,__main__,	,Load hosts..
11:39:22.699468,__main__,	,Load hosts..
11:40:40.088970,__main__,	,Load hosts..
12:04:06.336027,__main__,	,Load hosts..
12:04:36.821112,__main__,	,Init..
12:04:36.983303,__main__,	,Init..
12:04:37.256537,__main__,	,Load hosts..
12:04:39.645037,__main__,	,Load hosts..
12:04:58.313201,__main__,	,Load hosts..
12:06:12.395282,__main__,	,Load hosts..
12:06:42.296778,__main__,	,Load hosts..
12:06:58.395380,__main__,	,Load hosts..
12:07:22.710728,__main__,	,Load hosts..
12:07:29.674272,__main__,	,Load hosts..
12:07:54.132155,__main__,	,Load hosts..
12:08:04.800336,__main__,	,Load hosts..
12:08:31.723087,__main__,	,Load hosts..
12:08:50.078616,__main__,	,Load hosts..
12:08:57.459403,__main__,	,Load hosts..
12:09:10.177407,__main__,	,Load hosts..
12:09:35.495497,__main__,	,Load hosts..
12:10:58.317553,__main__,	,Load hosts..
12:11:08.758483,__main__,	,Load hosts..
12:11:46.026748,__main__,	,Load hosts..
12:12:19.150509,__main__,	,Load hosts..
12:12:34.863933,__main__,	,Load hosts..
12:12:46.410149,__main__,	,Load hosts..
12:12:59.889554,__main__,	,Load hosts..
12:13:08.713155,__main__,	,Load hosts..
12:13:23.467348,__main__,	,Load hosts..
12:13:30.725525,__main__,	,Load hosts..
12:14:00.561785,__main__,	,Load hosts..
12:14:08.658935,__main__,	,Load hosts..
12:14:38.803193,__main__,	,Load hosts..
12:14:39.964604,__main__,	,Load hosts..
12:14:51.685171,__main__,	,Load hosts..
12:15:04.362165,__main__,	,Load hosts..
12:15:32.838616,__main__,	,Load hosts..
12:25:16.125560,__main__,	,Load hosts..
12:26:17.216995,__main__,	,Load hosts..
12:26:29.234314,__main__,	,Load hosts..
12:26:47.705362,__main__,	,Load hosts..
12:27:00.350668,__main__,	,Load hosts..
12:29:14.727691,__main__,	,Load hosts..
12:29:59.225884,__main__,	,Load hosts..
12:30:53.034713,__main__,	,Load hosts..
12:33:30.739297,__main__,	,Load hosts..
12:44:00.848379,__main__,	,Load hosts..
12:44:38.672171,__main__,	,Load hosts..
12:45:06.126556,__main__,	,Load hosts..
12:46:24.561506,__main__,	,Load hosts..
12:47:19.423071,__main__,	,Load hosts..
12:49:58.269508,__main__,	,Load hosts..
12:50:16.453989,__main__,	,Load hosts..
12:50:39.824931,__main__,	,Load hosts..
12:52:26.903475,__main__,	,Load hosts..
12:53:09.322043,__main__,	,Load hosts..
12:56:28.142684,__main__,	,Load hosts..
13:03:06.272245,__main__,	,Load hosts..
13:03:20.643046,__main__,	,Init..
13:03:20.801842,__main__,	,Init..
13:03:21.039612,__main__,	,Load hosts..
13:22:13.469036,__main__,	,Load hosts..
13:31:39.622094,__main__,	,Load hosts..
13:35:52.444238,__main__,	,Init..
13:36:01.645462,__main__,	,Init..
13:36:19.893398,__main__,	,Init..
13:36:29.200178,__main__,	,Init..
13:36:29.377523,__main__,	,Init..
13:36:29.604004,__main__,	,Load hosts..
13:36:29.627587,__main__,	,Load sites..
13:36:32.490071,__main__,	,Load hosts..
13:36:32.509900,__main__,	,Load sites..
13:37:32.174722,__main__,	,Load hosts..
13:37:32.192645,__main__,	,Load sites..
13:37:34.372354,__main__,	,Load hosts..
13:37:34.390705,__main__,	,Load sites..
13:41:07.049511,__main__,	,Init..
13:41:29.336380,__main__,	,Init..
13:42:55.517660,__main__,	,Load hosts..
13:42:55.541765,__main__,	,Load sites..
13:43:00.496283,__main__,	,Init..
13:43:00.643732,__main__,	,Init..
13:43:00.953464,__main__,	,Load hosts..
13:43:00.980400,__main__,	,Load sites..
13:43:02.999182,__main__,	,Load hosts..
13:43:03.019390,__main__,	,Load sites..
13:45:29.610580,__main__,	,Init..
13:45:34.711328,__main__,	,Init..
13:45:34.888704,__main__,	,Init..
13:45:35.159373,__main__,	,Load hosts..
13:45:39.532236,__main__,	,Load hosts..
13:46:46.758145,__main__,	,Load hosts..
13:47:35.702217,__main__,	,Init..
13:47:43.596436,__main__,	,Init..
13:47:43.790372,__main__,	,Init..
13:47:44.066306,__main__,	,Load hosts..
13:47:50.155421,__main__,	,Load hosts..
13:48:12.100461,__main__,	,Init..
13:48:16.954775,__main__,	,Load hosts..
13:48:16.955254,__main__,	,Found 2 hosts.
13:48:23.690675,__main__,	,Load hosts..
13:48:23.691036,__main__,	,Found 2 hosts.
13:48:23.709795,__main__,	,Load sites..
13:49:03.364142,__main__,	,Load hosts..
13:49:03.364747,__main__,	,Found 2 hosts.
13:49:03.383462,__main__,	,Load sites..
13:50:44.090393,__main__,	,Init..
13:50:44.250669,__main__,	,Init..
13:50:44.493364,__main__,	,Load hosts..
13:50:44.494588,__main__,	,Found 2 hosts.
13:50:44.547022,__main__,	,Load sites..
13:52:58.157378,__main__,	,Init..
13:53:09.366618,__main__,	,Init..
13:53:16.707190,__main__,	,Init..
13:53:16.866933,__main__,	,Init..
13:53:21.023709,__main__,	,Load hosts..
13:53:21.024252,__main__,	,Found 2 hosts.
13:53:21.047765,__main__,	,Load sites..
13:54:11.335941,__main__,	,Init..
13:54:16.525507,__main__,	,Init..
13:54:54.907659,__main__,	,Init..
13:56:32.100315,__main__,	,Load hosts..
13:56:32.101144,__main__,	,Found 2 hosts.
13:56:32.119786,__main__,	,Load sites..
13:56:35.998509,__main__,	,Load hosts..
13:56:35.999159,__main__,	,Found 2 hosts.
13:56:36.019083,__main__,	,Load sites..
13:56:42.659766,__main__,	,Init..
13:57:57.441791,__main__,	,Load hosts..
13:57:57.442464,__main__,	,Found 2 hosts.
13:57:57.462574,__main__,	,Load sites..
14:01:00.904128,__main__,	,Load hosts..
14:01:00.904642,__main__,	,Found 2 hosts.
14:01:00.924106,__main__,	,Load sites..
14:42:38.380705,__main__,	,Init..
14:42:38.517129,__main__,	,Init..
14:42:42.475507,__main__,	,Load hosts..
14:42:42.476157,__main__,	,Found 2 hosts.
14:42:42.494240,__main__,	,Load sites..
14:43:06.513252,__main__,	,Init..
14:43:06.667949,__main__,	,Init..
14:43:08.989305,__main__,	,Load hosts..
14:43:08.989973,__main__,	,Found 2 hosts.
14:43:09.010169,__main__,	,Load sites..
14:45:56.217015,__main__,	,Init..
14:45:56.360198,__main__,	,Init..
14:46:00.725924,__main__,	,Load hosts..
14:46:00.726575,__main__,	,Found 2 hosts.
14:46:00.747008,__main__,	,Load sites..
14:46:41.908767,__main__,	,Init..
14:46:42.078280,__main__,	,Init..
14:46:42.314406,__main__,	,Load hosts..
14:46:42.315576,__main__,	,Found 2 hosts.
14:46:42.361189,__main__,	,Load sites..
14:46:59.311501,__main__,	,Init..
14:46:59.469393,__main__,	,Init..
14:46:59.753066,__main__,	,Load hosts..
14:46:59.753752,__main__,	,Found 2 hosts.
14:46:59.808620,__main__,	,Load sites..
14:51:52.706777,__main__,	,Load hosts..
14:51:52.707742,__main__,	,Found 2 hosts.
14:51:52.726404,__main__,	,Load sites..
14:52:23.666018,__main__,	,Load hosts..
14:52:23.666591,__main__,	,Found 2 hosts.
14:52:23.687158,__main__,	,Load sites..
